{"C:\\Users\\Jakub\\os\\sk-cz-payment-codes\\src\\bookmarklet.js": {"path":"C:\\Users\\Jakub\\os\\sk-cz-payment-codes\\src\\bookmarklet.js","statementMap":{"0":{"start":{"line":12,"column":30},"end":{"line":12,"column":79}},"1":{"start":{"line":15,"column":4},"end":{"line":15,"column":59}},"2":{"start":{"line":18,"column":4},"end":{"line":21,"column":7}},"3":{"start":{"line":19,"column":26},"end":{"line":19,"column":47}},"4":{"start":{"line":20,"column":8},"end":{"line":20,"column":84}},"5":{"start":{"line":24,"column":4},"end":{"line":24,"column":44}},"6":{"start":{"line":27,"column":0},"end":{"line":27,"column":29}}},"fnMap":{"0":{"name":"bookmarklet","decl":{"start":{"line":9,"column":9},"end":{"line":9,"column":20}},"loc":{"start":{"line":9,"column":27},"end":{"line":25,"column":1}},"line":9},"1":{"name":"(anonymous_1)","decl":{"start":{"line":18,"column":30},"end":{"line":18,"column":31}},"loc":{"start":{"line":18,"column":46},"end":{"line":21,"column":5}},"line":18}},"branchMap":{},"s":{"0":2,"1":2,"2":2,"3":18,"4":18,"5":2,"6":1},"f":{"0":2,"1":18},"b":{},"_coverageSchema":"332fd63041d2c1bcb487cc26dd0d5f7d97098a6c","hash":"35d456f387d3b1985e4dbde71c1f9db075813749"}
,"C:\\Users\\Jakub\\os\\sk-cz-payment-codes\\src\\generate.js": {"path":"C:\\Users\\Jakub\\os\\sk-cz-payment-codes\\src\\generate.js","statementMap":{"0":{"start":{"line":4,"column":4},"end":{"line":6,"column":5}},"1":{"start":{"line":5,"column":8},"end":{"line":5,"column":78}},"2":{"start":{"line":8,"column":4},"end":{"line":10,"column":5}},"3":{"start":{"line":9,"column":8},"end":{"line":9,"column":75}},"4":{"start":{"line":12,"column":4},"end":{"line":14,"column":5}},"5":{"start":{"line":13,"column":8},"end":{"line":13,"column":75}},"6":{"start":{"line":16,"column":4},"end":{"line":18,"column":5}},"7":{"start":{"line":17,"column":8},"end":{"line":17,"column":74}},"8":{"start":{"line":20,"column":4},"end":{"line":22,"column":5}},"9":{"start":{"line":21,"column":8},"end":{"line":21,"column":44}},"10":{"start":{"line":24,"column":4},"end":{"line":26,"column":5}},"11":{"start":{"line":25,"column":8},"end":{"line":25,"column":42}},"12":{"start":{"line":28,"column":18},"end":{"line":28,"column":20}},"13":{"start":{"line":30,"column":4},"end":{"line":32,"column":5}},"14":{"start":{"line":31,"column":8},"end":{"line":31,"column":31}},"15":{"start":{"line":34,"column":4},"end":{"line":36,"column":5}},"16":{"start":{"line":35,"column":8},"end":{"line":35,"column":31}},"17":{"start":{"line":38,"column":4},"end":{"line":40,"column":5}},"18":{"start":{"line":39,"column":8},"end":{"line":39,"column":31}},"19":{"start":{"line":42,"column":4},"end":{"line":42,"column":19}},"20":{"start":{"line":45,"column":0},"end":{"line":45,"column":26}}},"fnMap":{"0":{"name":"generate","decl":{"start":{"line":3,"column":9},"end":{"line":3,"column":17}},"loc":{"start":{"line":3,"column":60},"end":{"line":43,"column":1}},"line":3}},"branchMap":{"0":{"loc":{"start":{"line":3,"column":18},"end":{"line":3,"column":25}},"type":"default-arg","locations":[{"start":{"line":3,"column":23},"end":{"line":3,"column":25}}],"line":3},"1":{"loc":{"start":{"line":3,"column":27},"end":{"line":3,"column":34}},"type":"default-arg","locations":[{"start":{"line":3,"column":32},"end":{"line":3,"column":34}}],"line":3},"2":{"loc":{"start":{"line":3,"column":36},"end":{"line":3,"column":43}},"type":"default-arg","locations":[{"start":{"line":3,"column":41},"end":{"line":3,"column":43}}],"line":3},"3":{"loc":{"start":{"line":3,"column":45},"end":{"line":3,"column":58}},"type":"default-arg","locations":[{"start":{"line":3,"column":54},"end":{"line":3,"column":58}}],"line":3},"4":{"loc":{"start":{"line":4,"column":4},"end":{"line":6,"column":5}},"type":"if","locations":[{"start":{"line":4,"column":4},"end":{"line":6,"column":5}},{"start":{"line":4,"column":4},"end":{"line":6,"column":5}}],"line":4},"5":{"loc":{"start":{"line":8,"column":4},"end":{"line":10,"column":5}},"type":"if","locations":[{"start":{"line":8,"column":4},"end":{"line":10,"column":5}},{"start":{"line":8,"column":4},"end":{"line":10,"column":5}}],"line":8},"6":{"loc":{"start":{"line":12,"column":4},"end":{"line":14,"column":5}},"type":"if","locations":[{"start":{"line":12,"column":4},"end":{"line":14,"column":5}},{"start":{"line":12,"column":4},"end":{"line":14,"column":5}}],"line":12},"7":{"loc":{"start":{"line":16,"column":4},"end":{"line":18,"column":5}},"type":"if","locations":[{"start":{"line":16,"column":4},"end":{"line":18,"column":5}},{"start":{"line":16,"column":4},"end":{"line":18,"column":5}}],"line":16},"8":{"loc":{"start":{"line":20,"column":4},"end":{"line":22,"column":5}},"type":"if","locations":[{"start":{"line":20,"column":4},"end":{"line":22,"column":5}},{"start":{"line":20,"column":4},"end":{"line":22,"column":5}}],"line":20},"9":{"loc":{"start":{"line":24,"column":4},"end":{"line":26,"column":5}},"type":"if","locations":[{"start":{"line":24,"column":4},"end":{"line":26,"column":5}},{"start":{"line":24,"column":4},"end":{"line":26,"column":5}}],"line":24},"10":{"loc":{"start":{"line":30,"column":4},"end":{"line":32,"column":5}},"type":"if","locations":[{"start":{"line":30,"column":4},"end":{"line":32,"column":5}},{"start":{"line":30,"column":4},"end":{"line":32,"column":5}}],"line":30},"11":{"loc":{"start":{"line":34,"column":4},"end":{"line":36,"column":5}},"type":"if","locations":[{"start":{"line":34,"column":4},"end":{"line":36,"column":5}},{"start":{"line":34,"column":4},"end":{"line":36,"column":5}}],"line":34},"12":{"loc":{"start":{"line":38,"column":4},"end":{"line":40,"column":5}},"type":"if","locations":[{"start":{"line":38,"column":4},"end":{"line":40,"column":5}},{"start":{"line":38,"column":4},"end":{"line":40,"column":5}}],"line":38}},"s":{"0":14,"1":1,"2":13,"3":2,"4":11,"5":2,"6":9,"7":2,"8":7,"9":3,"10":7,"11":3,"12":4,"13":4,"14":3,"15":4,"16":2,"17":4,"18":1,"19":4,"20":1},"f":{"0":14},"b":{"0":[1],"1":[1],"2":[1],"3":[9],"4":[1,13],"5":[2,11],"6":[2,9],"7":[2,7],"8":[3,4],"9":[3,4],"10":[3,1],"11":[2,2],"12":[1,3]},"_coverageSchema":"332fd63041d2c1bcb487cc26dd0d5f7d97098a6c","hash":"6d299f758ef8666c1dbd7cae231f7112e4af8d5d"}
}
