TN:
SF:C:\Users\Jakub\os\sk-cz-payment-codes\src\bookmarklet.js
FN:9,bookmarklet
FN:18,(anonymous_1)
FNF:2
FNH:2
FNDA:2,bookmarklet
FNDA:18,(anonymous_1)
DA:12,2
DA:15,2
DA:18,2
DA:19,18
DA:20,18
DA:24,2
DA:27,1
LF:7
LH:7
BRF:0
BRH:0
end_of_record
TN:
SF:C:\Users\Jakub\os\sk-cz-payment-codes\src\generate.js
FN:3,generate
FNF:1
FNH:1
FNDA:14,generate
DA:4,14
DA:5,1
DA:8,13
DA:9,2
DA:12,11
DA:13,2
DA:16,9
DA:17,2
DA:20,7
DA:21,3
DA:24,7
DA:25,3
DA:28,4
DA:30,4
DA:31,3
DA:34,4
DA:35,2
DA:38,4
DA:39,1
DA:42,4
DA:45,1
LF:21
LH:21
BRDA:3,0,0,1
BRDA:3,1,0,1
BRDA:3,2,0,1
BRDA:3,3,0,9
BRDA:4,4,0,1
BRDA:4,4,1,13
BRDA:8,5,0,2
BRDA:8,5,1,11
BRDA:12,6,0,2
BRDA:12,6,1,9
BRDA:16,7,0,2
BRDA:16,7,1,7
BRDA:20,8,0,3
BRDA:20,8,1,4
BRDA:24,9,0,3
BRDA:24,9,1,4
BRDA:30,10,0,3
BRDA:30,10,1,1
BRDA:34,11,0,2
BRDA:34,11,1,2
BRDA:38,12,0,1
BRDA:38,12,1,3
BRF:22
BRH:22
end_of_record
